TN:
SF:src\app.ts
FN:15,verify
FNF:1
FNH:1
FNDA:2,verify
DA:1,1
DA:2,1
DA:3,1
DA:4,1
DA:5,1
DA:6,1
DA:7,1
DA:8,1
DA:9,1
DA:10,1
DA:11,1
DA:12,1
DA:13,1
DA:14,1
DA:15,1
DA:16,1
DA:17,1
DA:18,1
DA:19,1
DA:20,1
DA:21,1
DA:22,1
DA:23,1
DA:24,1
DA:25,1
DA:26,0
DA:27,1
DA:28,1
DA:29,1
DA:30,1
DA:31,1
DA:32,1
DA:33,1
DA:34,0
DA:35,0
DA:36,0
DA:37,0
DA:38,0
DA:39,0
DA:40,0
DA:41,1
DA:42,1
DA:43,1
LF:43
LH:35
BRDA:15,0,0,2
BRDA:30,1,0,1
BRDA:34,2,0,0
BRF:3
BRH:2
end_of_record
TN:
SF:src\config\env.ts
FNF:0
FNH:0
DA:1,1
DA:2,1
DA:3,1
DA:4,1
DA:5,1
DA:6,1
DA:7,1
DA:8,1
DA:9,1
DA:10,1
DA:11,1
DA:12,1
DA:13,1
DA:14,1
DA:15,1
DA:16,1
DA:17,1
DA:18,1
LF:18
LH:18
BRDA:4,0,0,0
BRDA:7,1,0,0
BRDA:11,2,0,0
BRDA:15,3,0,0
BRDA:16,4,0,0
BRF:5
BRH:0
end_of_record
TN:
SF:src\config\logger.ts
FN:2,info
FN:3,warn
FN:4,error
FNF:3
FNH:1
FNDA:5,info
FNDA:0,warn
FNDA:0,error
DA:1,1
DA:2,1
DA:3,1
DA:4,1
DA:5,1
LF:5
LH:5
BRDA:2,0,0,5
BRF:1
BRH:1
end_of_record
TN:
SF:src\config\swagger.ts
FN:19,setupSwagger
FNF:1
FNH:1
FNDA:3,setupSwagger
DA:1,1
DA:2,1
DA:3,1
DA:4,1
DA:5,1
DA:6,1
DA:7,1
DA:8,1
DA:9,1
DA:10,1
DA:11,1
DA:12,1
DA:13,1
DA:14,1
DA:15,1
DA:16,1
DA:17,1
DA:18,1
DA:19,1
DA:20,3
DA:21,3
DA:22,3
LF:22
LH:22
BRDA:19,0,0,3
BRF:1
BRH:1
end_of_record
TN:
SF:src\controllers\billing.controller.ts
FN:5,runBilling
FN:16,getBillingStats
FNF:2
FNH:2
FNDA:3,runBilling
FNDA:3,getBillingStats
DA:1,1
DA:2,1
DA:3,1
DA:4,1
DA:5,1
DA:6,3
DA:7,2
DA:8,2
DA:9,2
DA:10,2
DA:11,2
DA:12,2
DA:13,2
DA:14,2
DA:15,1
DA:16,1
DA:17,0
DA:18,0
DA:19,0
LF:19
LH:16
BRDA:5,0,0,3
BRDA:5,1,0,3
BRDA:5,2,0,3
BRDA:6,3,0,2
BRDA:8,4,0,1
BRDA:8,5,0,1
BRDA:8,6,0,1
BRDA:10,7,0,1
BRDA:16,8,0,3
BRF:9
BRH:9
end_of_record
TN:
SF:src\controllers\boleto.controller.ts
FN:6,boletoPdf
FNF:1
FNH:1
FNDA:3,boletoPdf
DA:1,1
DA:2,1
DA:3,1
DA:4,1
DA:5,1
DA:6,1
DA:7,0
DA:8,0
DA:9,0
DA:10,0
DA:11,0
DA:12,0
DA:13,0
DA:14,0
DA:15,0
DA:16,0
DA:17,0
DA:18,0
DA:19,0
DA:20,0
DA:21,0
DA:22,0
DA:23,0
DA:24,0
DA:25,0
DA:26,0
DA:27,0
DA:28,0
DA:29,0
DA:30,0
DA:31,0
DA:32,0
DA:33,0
DA:34,0
DA:35,0
DA:36,0
DA:37,0
DA:38,0
DA:39,0
DA:40,0
DA:41,0
DA:42,0
DA:43,0
DA:44,0
DA:45,0
DA:46,0
DA:47,0
DA:48,0
DA:49,0
DA:50,0
DA:51,0
DA:52,0
DA:53,0
DA:54,0
DA:55,0
DA:56,0
DA:57,0
DA:58,0
DA:59,0
LF:59
LH:6
BRDA:6,0,0,3
BRF:1
BRH:1
end_of_record
TN:
SF:src\controllers\import.controller.ts
FN:6,importCsv
FNF:1
FNH:1
FNDA:3,importCsv
DA:1,1
DA:2,1
DA:3,1
DA:4,1
DA:5,1
DA:6,1
DA:7,1
DA:8,1
DA:9,1
DA:10,1
DA:11,1
DA:12,1
DA:13,1
DA:14,1
DA:15,1
DA:16,1
DA:17,1
DA:18,1
DA:19,1
LF:19
LH:19
BRDA:6,0,0,3
BRDA:6,1,0,1
BRDA:6,2,0,1
BRDA:8,3,0,0
BRDA:15,4,0,0
BRF:5
BRH:3
end_of_record
TN:
SF:src\controllers\webhook.controller.ts
FN:5,paymentWebhook
FNF:1
FNH:1
FNDA:3,paymentWebhook
DA:1,1
DA:2,1
DA:3,1
DA:4,1
DA:5,1
DA:6,3
DA:7,2
DA:8,2
DA:9,2
DA:10,2
DA:11,1
DA:12,1
DA:13,1
DA:14,1
DA:15,2
LF:15
LH:15
BRDA:5,0,0,3
BRDA:6,1,0,2
BRDA:6,2,0,2
BRDA:8,3,0,0
BRDA:11,4,0,1
BRF:5
BRH:4
end_of_record
TN:
SF:src\dto\import.dto.ts
FNF:0
FNH:0
DA:1,1
DA:2,1
DA:3,1
DA:4,1
DA:5,1
DA:6,1
DA:7,1
DA:8,1
DA:9,1
DA:10,1
DA:11,1
DA:12,1
LF:12
LH:12
BRF:0
BRH:0
end_of_record
TN:
SF:src\dto\webhook.dto.ts
FNF:0
FNH:0
DA:1,1
DA:2,1
DA:3,1
DA:4,1
DA:5,1
DA:6,4
DA:7,4
DA:8,4
DA:9,0
DA:10,0
DA:11,0
DA:12,0
DA:13,0
DA:14,0
DA:15,0
DA:16,0
DA:17,0
DA:18,0
DA:19,0
DA:20,0
DA:21,0
DA:22,0
DA:23,0
DA:24,1
DA:25,1
DA:26,1
DA:27,1
DA:28,1
DA:29,1
DA:30,1
DA:31,1
DA:32,1
DA:33,1
LF:33
LH:18
BRDA:5,0,0,4
BRDA:9,1,0,0
BRF:2
BRH:1
end_of_record
TN:
SF:src\infra\prisma.ts
FNF:0
FNH:0
DA:1,1
DA:2,1
LF:2
LH:2
BRF:0
BRH:0
end_of_record
TN:
SF:src\providers\boleto.provider.ts
FN:6,generate
FNF:1
FNH:1
FNDA:2,generate
DA:1,1
DA:2,1
DA:3,1
DA:4,1
DA:5,1
DA:6,1
DA:7,2
DA:8,2
DA:9,2
DA:10,1
LF:10
LH:10
BRDA:6,0,0,2
BRF:1
BRH:1
end_of_record
TN:
SF:src\providers\mail.provider.ts
FN:15,NodemailerProvider
FN:19,buildTransporter
FN:47,sendChargeEmail
FNF:3
FNH:3
FNDA:3,NodemailerProvider
FNDA:3,buildTransporter
FNDA:2,sendChargeEmail
DA:1,1
DA:2,1
DA:3,1
DA:4,1
DA:5,1
DA:6,1
DA:7,1
DA:8,1
DA:9,1
DA:10,1
DA:11,1
DA:12,1
DA:13,1
DA:14,1
DA:15,1
DA:16,3
DA:17,3
DA:18,1
DA:19,1
DA:20,3
DA:21,3
DA:22,3
DA:23,3
DA:24,3
DA:25,0
DA:26,0
DA:27,0
DA:28,0
DA:29,0
DA:30,0
DA:31,0
DA:32,0
DA:33,0
DA:34,0
DA:35,0
DA:36,0
DA:37,0
DA:38,0
DA:39,0
DA:40,0
DA:41,0
DA:42,0
DA:43,0
DA:44,0
DA:45,0
DA:46,1
DA:47,1
DA:48,2
DA:49,2
DA:50,2
DA:51,2
DA:52,2
DA:53,2
DA:54,2
DA:55,2
DA:56,2
DA:57,2
DA:58,2
DA:59,2
DA:60,2
DA:61,2
DA:62,0
DA:63,2
DA:64,2
DA:65,2
DA:66,2
DA:67,2
DA:68,0
DA:69,0
DA:70,2
DA:71,1
LF:71
LH:47
BRDA:15,0,0,3
BRDA:19,1,0,3
BRDA:24,2,0,0
BRDA:24,3,0,0
BRDA:47,4,0,2
BRDA:47,5,0,2
BRDA:61,6,0,0
BRDA:65,7,0,0
BRDA:65,8,0,0
BRDA:67,9,0,0
BRF:10
BRH:4
end_of_record
TN:
SF:src\repositories\debt.repository.prisma.ts
FN:5,toDomain
FN:21,upsertMany
FN:48,findAll
FN:53,findById
FN:58,markInvoiced
FN:65,markPaid
FNF:6
FNH:6
FNDA:10,toDomain
FNDA:1,upsertMany
FNDA:4,findAll
FNDA:1,findById
FNDA:2,markInvoiced
FNDA:1,markPaid
DA:1,1
DA:2,1
DA:3,1
DA:4,1
DA:5,1
DA:6,10
DA:7,10
DA:8,10
DA:9,10
DA:10,10
DA:11,10
DA:12,10
DA:13,10
DA:14,10
DA:15,10
DA:16,10
DA:17,10
DA:18,10
DA:19,1
DA:20,1
DA:21,1
DA:22,1
DA:23,1
DA:24,2
DA:25,2
DA:26,2
DA:27,2
DA:28,2
DA:29,2
DA:30,2
DA:31,2
DA:32,2
DA:33,2
DA:34,2
DA:35,2
DA:36,2
DA:37,2
DA:38,2
DA:39,2
DA:40,2
DA:41,2
DA:42,2
DA:43,2
DA:44,1
DA:45,1
DA:46,1
DA:47,1
DA:48,1
DA:49,4
DA:50,4
DA:51,4
DA:52,1
DA:53,1
DA:54,1
DA:55,1
DA:56,1
DA:57,1
DA:58,1
DA:59,2
DA:60,2
DA:61,2
DA:62,2
DA:63,2
DA:64,1
DA:65,1
DA:66,1
DA:67,1
DA:68,1
DA:69,1
DA:70,1
DA:71,1
DA:72,1
DA:73,1
DA:74,1
DA:75,1
DA:76,1
DA:77,1
DA:78,1
DA:79,1
LF:79
LH:79
BRDA:5,0,0,10
BRDA:13,1,0,6
BRDA:13,2,0,6
BRDA:13,3,0,4
BRDA:14,4,0,6
BRDA:14,5,0,6
BRDA:14,6,0,4
BRDA:15,7,0,0
BRDA:15,8,0,0
BRDA:16,9,0,0
BRDA:17,10,0,0
BRDA:17,11,0,0
BRDA:21,12,0,1
BRDA:23,13,0,2
BRDA:48,14,0,4
BRDA:53,15,0,1
BRDA:55,16,0,0
BRDA:58,17,0,2
BRDA:65,18,0,1
BRF:19
BRH:13
end_of_record
TN:
SF:src\repositories\debt.repository.ts
FN:11,InMemoryDebtRepository
FN:14,upsertMany
FN:17,findAll
FN:18,findById
FN:19,markInvoiced
FN:23,markPaid
FNF:6
FNH:6
FNDA:7,InMemoryDebtRepository
FNDA:1,upsertMany
FNDA:5,findAll
FNDA:5,findById
FNDA:1,markInvoiced
FNDA:1,markPaid
DA:1,1
DA:2,1
DA:3,1
DA:4,1
DA:5,1
DA:6,1
DA:7,1
DA:8,1
DA:9,1
DA:10,1
DA:11,7
DA:12,7
DA:13,7
DA:14,7
DA:15,1
DA:16,1
DA:17,7
DA:18,7
DA:19,7
DA:20,1
DA:21,1
DA:22,1
DA:23,7
DA:24,1
DA:25,1
DA:26,1
DA:27,7
LF:27
LH:27
BRDA:11,0,0,7
BRDA:14,1,0,1
BRDA:15,2,0,1
BRDA:17,3,0,5
BRDA:17,4,0,5
BRDA:18,5,0,5
BRDA:18,6,0,5
BRDA:18,7,0,4
BRDA:18,8,0,1
BRDA:19,9,0,1
BRDA:20,10,0,0
BRDA:23,11,0,1
BRDA:24,12,0,0
BRF:13
BRH:11
end_of_record
TN:
SF:src\routes\index.ts
FNF:0
FNH:0
DA:1,1
DA:2,1
DA:3,1
DA:4,1
DA:5,1
DA:6,1
DA:7,1
DA:8,1
DA:9,1
DA:10,1
DA:11,1
DA:12,1
DA:13,1
DA:14,1
DA:15,1
DA:16,1
DA:17,1
DA:18,1
DA:19,1
DA:20,1
DA:21,1
DA:22,1
DA:23,1
DA:24,1
DA:25,1
DA:26,1
DA:27,1
DA:28,1
DA:29,1
DA:30,1
DA:31,1
DA:32,1
DA:33,1
DA:34,1
DA:35,1
DA:36,1
DA:37,1
DA:38,1
DA:39,1
DA:40,1
DA:41,1
DA:42,1
DA:43,1
DA:44,1
DA:45,1
DA:46,1
DA:47,1
DA:48,1
DA:49,1
DA:50,1
DA:51,1
DA:52,1
DA:53,1
DA:54,1
DA:55,1
DA:56,1
DA:57,1
DA:58,1
DA:59,1
DA:60,1
DA:61,1
DA:62,1
DA:63,1
DA:64,1
DA:65,1
DA:66,1
DA:67,1
DA:68,1
DA:69,1
DA:70,1
DA:71,1
DA:72,1
DA:73,1
DA:74,1
DA:75,1
DA:76,1
DA:77,1
DA:78,1
DA:79,1
DA:80,1
DA:81,1
DA:82,1
DA:83,1
DA:84,1
DA:85,1
DA:86,1
DA:87,1
DA:88,1
DA:89,1
DA:90,1
DA:91,1
DA:92,1
DA:93,1
DA:94,1
DA:95,1
DA:96,1
DA:97,1
DA:98,1
DA:99,1
DA:100,1
DA:101,1
DA:102,1
DA:103,1
DA:104,1
DA:105,1
DA:106,1
DA:107,1
DA:108,1
DA:109,1
DA:110,1
DA:111,1
DA:112,1
DA:113,1
DA:114,1
DA:115,1
DA:116,1
DA:117,1
DA:118,1
DA:119,1
DA:120,1
DA:121,1
DA:122,1
DA:123,1
DA:124,1
DA:125,1
DA:126,1
DA:127,1
DA:128,1
DA:129,1
DA:130,1
DA:131,1
DA:132,1
DA:133,1
DA:134,1
DA:135,1
DA:136,1
DA:137,1
DA:138,1
DA:139,1
DA:140,1
DA:141,1
DA:142,1
DA:143,1
DA:144,1
DA:145,1
DA:146,1
DA:147,1
DA:148,1
DA:149,1
DA:150,1
DA:151,1
DA:152,1
DA:153,1
DA:154,1
DA:155,1
DA:156,1
DA:157,1
DA:158,1
DA:159,1
DA:160,1
DA:161,1
DA:162,1
DA:163,1
DA:164,1
DA:165,1
DA:166,1
DA:167,1
DA:168,1
DA:169,1
DA:170,1
DA:171,1
DA:172,1
DA:173,1
DA:174,1
DA:175,1
DA:176,1
DA:177,1
DA:178,1
DA:179,1
DA:180,1
DA:181,1
LF:181
LH:181
BRF:0
BRH:0
end_of_record
TN:
SF:src\services\billing.service.ts
FN:7,BillingService
FN:14,runOnce
FN:47,trySend
FN:59,mail.sendChargeEmail.to
FN:108,stats
FNF:5
FNH:3
FNDA:4,BillingService
FNDA:3,runOnce
FNDA:3,trySend
FNDA:0,mail.sendChargeEmail.to
FNDA:0,stats
DA:1,1
DA:2,1
DA:3,1
DA:4,1
DA:5,1
DA:6,1
DA:7,1
DA:8,4
DA:9,4
DA:10,4
DA:11,4
DA:12,1
DA:13,1
DA:14,1
DA:15,3
DA:16,3
DA:17,3
DA:18,3
DA:19,3
DA:20,3
DA:21,3
DA:22,3
DA:23,3
DA:24,3
DA:25,3
DA:26,3
DA:27,3
DA:28,3
DA:29,3
DA:30,3
DA:31,3
DA:32,3
DA:33,3
DA:34,3
DA:35,3
DA:36,3
DA:37,3
DA:38,3
DA:39,3
DA:40,3
DA:41,3
DA:42,3
DA:43,0
DA:44,0
DA:45,0
DA:46,3
DA:47,3
DA:48,3
DA:49,3
DA:50,3
DA:51,3
DA:52,3
DA:53,3
DA:54,3
DA:55,3
DA:56,3
DA:57,0
DA:58,0
DA:59,0
DA:60,0
DA:61,0
DA:62,0
DA:63,0
DA:64,0
DA:65,0
DA:66,0
DA:67,0
DA:68,0
DA:69,0
DA:70,0
DA:71,3
DA:72,3
DA:73,3
DA:74,3
DA:75,3
DA:76,0
DA:77,0
DA:78,0
DA:79,0
DA:80,3
DA:81,3
DA:82,3
DA:83,3
DA:84,0
DA:85,0
DA:86,3
DA:87,3
DA:88,3
DA:89,3
DA:90,0
DA:91,0
DA:92,3
DA:93,3
DA:94,3
DA:95,3
DA:96,3
DA:97,3
DA:98,3
DA:99,3
DA:100,3
DA:101,3
DA:102,3
DA:103,3
DA:104,3
DA:105,3
DA:106,3
DA:107,3
DA:108,1
DA:109,0
DA:110,0
DA:111,0
DA:112,0
DA:113,0
DA:114,0
DA:115,0
DA:116,0
DA:117,0
DA:118,1
LF:118
LH:84
BRDA:7,0,0,4
BRDA:14,1,0,3
BRDA:18,2,0,0
BRDA:20,3,0,0
BRDA:29,4,0,3
BRDA:39,5,0,0
BRDA:42,6,0,0
BRDA:75,7,0,0
BRDA:83,8,0,0
BRDA:89,9,0,0
BRDA:16,10,0,5
BRDA:47,11,0,3
BRDA:47,12,0,3
BRDA:56,13,0,0
BRDA:95,14,0,6
BRF:15
BRH:7
end_of_record
TN:
SF:src\services\import.service.ts
FN:6,ImportService
FN:8,importRows
FNF:2
FNH:2
FNDA:5,ImportService
FNDA:3,importRows
DA:1,1
DA:2,1
DA:3,1
DA:4,1
DA:5,1
DA:6,1
DA:7,1
DA:8,1
DA:9,3
DA:10,4
DA:11,4
DA:12,4
DA:13,4
DA:14,4
DA:15,4
DA:16,3
DA:17,3
DA:18,2
DA:19,2
DA:20,1
LF:20
LH:20
BRDA:6,0,0,5
BRDA:8,1,0,3
BRDA:18,2,0,2
BRDA:9,3,0,4
BRF:4
BRH:4
end_of_record
TN:
SF:src\services\webhook.service.ts
FN:8,WebhookService
FN:11,verifySignature
FN:25,handlePayment
FNF:3
FNH:3
FNDA:7,WebhookService
FNDA:4,verifySignature
FNDA:4,handlePayment
DA:1,1
DA:2,1
DA:3,1
DA:4,1
DA:5,1
DA:6,1
DA:7,1
DA:8,1
DA:9,1
DA:10,1
DA:11,1
DA:12,4
DA:13,4
DA:14,4
DA:15,4
DA:16,4
DA:17,4
DA:18,4
DA:19,4
DA:20,2
DA:21,2
DA:22,4
DA:23,1
DA:24,1
DA:25,1
DA:26,4
DA:27,4
DA:28,4
DA:29,4
DA:30,3
DA:31,3
DA:32,2
DA:33,2
DA:34,2
DA:35,2
DA:36,2
DA:37,2
DA:38,2
DA:39,1
LF:39
LH:39
BRDA:8,0,0,7
BRDA:11,1,0,4
BRDA:14,2,0,0
BRDA:18,3,0,2
BRDA:19,4,0,2
BRDA:25,5,0,4
BRDA:29,6,0,1
BRDA:30,7,0,3
BRDA:31,8,0,2
BRDA:31,9,0,1
BRF:10
BRH:9
end_of_record
TN:
SF:src\utils\csv.ts
FN:4,readCsv
FNF:1
FNH:1
FNDA:1,readCsv
DA:1,1
DA:2,1
DA:3,1
DA:4,1
DA:5,1
DA:6,1
DA:7,1
DA:8,1
DA:9,1
DA:10,1
DA:11,1
DA:12,1
DA:13,1
LF:13
LH:13
BRDA:4,0,0,1
BRDA:5,1,0,1
BRDA:9,2,0,2
BRDA:10,3,0,1
BRF:4
BRH:4
end_of_record
TN:
SF:src\utils\errors.ts
FN:2,AppError
FNF:1
FNH:1
FNDA:3,AppError
DA:1,1
DA:2,1
DA:3,1
LF:3
LH:3
BRDA:2,0,0,3
BRF:1
BRH:1
end_of_record
